<?xml version="1.0" encoding="UTF-8"?>
<!-- Generated by org.testng.reporters.JUnitReportReporter -->
<testsuite hostname="DESKTOP-47ESPTV" failures="0" tests="2" name="com.opencart.testlayer.Logintest" time="55.609" errors="0" timestamp="2024-10-03T17:06:16 IST" skipped="0">
  <testcase classname="com.opencart.testlayer.Logintest" name="verifyLogintestWithInValidDetails" time="20.279"/>
  <system-out/>
  <testcase classname="com.opencart.testlayer.Logintest" name="verifyLogintestWithValidDetails" time="35.330"/>
  <system-out/>
</testsuite> <!-- com.opencart.testlayer.Logintest -->
